2015-02-14T14:06:22.178-0500 [initandlisten] MongoDB starting : pid=12557 port=27018 dbpath=/data/rs2 64-bit host=Daves-MacBook-Pro.local
2015-02-14T14:06:22.179-0500 [initandlisten] db version v2.6.7
2015-02-14T14:06:22.180-0500 [initandlisten] git version: nogitversion
2015-02-14T14:06:22.182-0500 [initandlisten] build info: Darwin miniyosemite.local 14.1.0 Darwin Kernel Version 14.1.0: Fri Dec  5 06:49:27 PST 2014; root:xnu-2782.10.67~9/RELEASE_X86_64 x86_64 BOOST_LIB_VERSION=1_49
2015-02-14T14:06:22.183-0500 [initandlisten] allocator: tcmalloc
2015-02-14T14:06:22.186-0500 [initandlisten] options: { net: { port: 27018 }, processManagement: { fork: true }, replication: { oplogSizeMB: 64, replSet: "m101" }, storage: { dbPath: "/data/rs2", smallFiles: true }, systemLog: { destination: "file", path: "2.log" } }
2015-02-14T14:06:22.202-0500 [initandlisten] journal dir=/data/rs2/journal
2015-02-14T14:06:22.204-0500 [initandlisten] recover : no journal files present, no recovery needed
2015-02-14T14:06:22.265-0500 [initandlisten] allocating new ns file /data/rs2/local.ns, filling with zeroes...
2015-02-14T14:06:22.611-0500 [FileAllocator] allocating new datafile /data/rs2/local.0, filling with zeroes...
2015-02-14T14:06:22.614-0500 [FileAllocator] creating directory /data/rs2/_tmp
2015-02-14T14:06:22.643-0500 [FileAllocator] done allocating datafile /data/rs2/local.0, size: 16MB,  took 0.026 secs
2015-02-14T14:06:22.690-0500 [initandlisten] build index on: local.startup_log properties: { v: 1, key: { _id: 1 }, name: "_id_", ns: "local.startup_log" }
2015-02-14T14:06:22.700-0500 [initandlisten] 	 added index to empty collection
2015-02-14T14:06:22.702-0500 [initandlisten] command local.$cmd command: create { create: "startup_log", size: 10485760, capped: true } ntoreturn:1 keyUpdates:0 numYields:0  reslen:37 437ms
2015-02-14T14:06:22.704-0500 [initandlisten] waiting for connections on port 27018
2015-02-14T14:06:22.706-0500 [rsStart] replSet can't get local.system.replset config from self or any seed (EMPTYCONFIG)
2015-02-14T14:06:22.708-0500 [rsStart] replSet info you may need to run replSetInitiate -- rs.initiate() in the shell -- if that is not already done
2015-02-14T14:06:23.716-0500 [rsStart] replSet can't get local.system.replset config from self or any seed (EMPTYCONFIG)
2015-02-14T14:06:24.720-0500 [rsStart] replSet can't get local.system.replset config from self or any seed (EMPTYCONFIG)
2015-02-14T14:06:25.722-0500 [rsStart] replSet can't get local.system.replset config from self or any seed (EMPTYCONFIG)
2015-02-14T14:06:26.727-0500 [rsStart] replSet can't get local.system.replset config from self or any seed (EMPTYCONFIG)
2015-02-14T14:06:27.733-0500 [rsStart] replSet can't get local.system.replset config from self or any seed (EMPTYCONFIG)
2015-02-14T14:06:28.739-0500 [rsStart] replSet can't get local.system.replset config from self or any seed (EMPTYCONFIG)
2015-02-14T14:06:29.742-0500 [rsStart] replSet can't get local.system.replset config from self or any seed (EMPTYCONFIG)
2015-02-14T14:06:30.746-0500 [rsStart] replSet can't get local.system.replset config from self or any seed (EMPTYCONFIG)
2015-02-14T14:06:31.751-0500 [rsStart] replSet can't get local.system.replset config from self or any seed (EMPTYCONFIG)
2015-02-14T14:06:32.754-0500 [rsStart] replSet can't get local.system.replset config from self or any seed (EMPTYCONFIG)
2015-02-14T14:06:33.761-0500 [rsStart] replSet can't get local.system.replset config from self or any seed (EMPTYCONFIG)
2015-02-14T14:06:34.767-0500 [rsStart] replSet can't get local.system.replset config from self or any seed (EMPTYCONFIG)
2015-02-14T14:06:35.771-0500 [rsStart] replSet can't get local.system.replset config from self or any seed (EMPTYCONFIG)
2015-02-14T14:06:36.776-0500 [rsStart] replSet can't get local.system.replset config from self or any seed (EMPTYCONFIG)
2015-02-14T14:06:37.783-0500 [rsStart] replSet can't get local.system.replset config from self or any seed (EMPTYCONFIG)
2015-02-14T14:06:38.790-0500 [rsStart] replSet can't get local.system.replset config from self or any seed (EMPTYCONFIG)
2015-02-14T14:06:39.794-0500 [rsStart] replSet can't get local.system.replset config from self or any seed (EMPTYCONFIG)
2015-02-14T14:06:40.801-0500 [rsStart] replSet can't get local.system.replset config from self or any seed (EMPTYCONFIG)
2015-02-14T14:06:41.804-0500 [rsStart] replSet can't get local.system.replset config from self or any seed (EMPTYCONFIG)
2015-02-14T14:06:42.811-0500 [rsStart] replSet can't get local.system.replset config from self or any seed (EMPTYCONFIG)
2015-02-14T14:06:43.815-0500 [rsStart] replSet can't get local.system.replset config from self or any seed (EMPTYCONFIG)
2015-02-14T14:06:44.821-0500 [rsStart] replSet can't get local.system.replset config from self or any seed (EMPTYCONFIG)
2015-02-14T14:06:45.828-0500 [rsStart] replSet can't get local.system.replset config from self or any seed (EMPTYCONFIG)
2015-02-14T14:06:46.834-0500 [rsStart] replSet can't get local.system.replset config from self or any seed (EMPTYCONFIG)
2015-02-14T14:06:47.837-0500 [rsStart] replSet can't get local.system.replset config from self or any seed (EMPTYCONFIG)
2015-02-14T14:06:48.845-0500 [rsStart] replSet can't get local.system.replset config from self or any seed (EMPTYCONFIG)
2015-02-14T14:06:49.849-0500 [rsStart] replSet can't get local.system.replset config from self or any seed (EMPTYCONFIG)
2015-02-14T14:06:50.855-0500 [rsStart] replSet can't get local.system.replset config from self or any seed (EMPTYCONFIG)
2015-02-14T14:06:51.860-0500 [rsStart] replSet can't get local.system.replset config from self or any seed (EMPTYCONFIG)
2015-02-14T14:06:52.867-0500 [rsStart] replSet can't get local.system.replset config from self or any seed (EMPTYCONFIG)
2015-02-14T14:06:53.869-0500 [rsStart] replSet can't get local.system.replset config from self or any seed (EMPTYCONFIG)
2015-02-14T14:06:54.877-0500 [rsStart] replSet can't get local.system.replset config from self or any seed (EMPTYCONFIG)
2015-02-14T14:06:55.884-0500 [rsStart] replSet can't get local.system.replset config from self or any seed (EMPTYCONFIG)
2015-02-14T14:06:56.891-0500 [rsStart] replSet can't get local.system.replset config from self or any seed (EMPTYCONFIG)
2015-02-14T14:06:57.898-0500 [rsStart] replSet can't get local.system.replset config from self or any seed (EMPTYCONFIG)
2015-02-14T14:06:58.904-0500 [rsStart] replSet can't get local.system.replset config from self or any seed (EMPTYCONFIG)
2015-02-14T14:06:59.910-0500 [rsStart] replSet can't get local.system.replset config from self or any seed (EMPTYCONFIG)
2015-02-14T14:07:00.916-0500 [rsStart] replSet can't get local.system.replset config from self or any seed (EMPTYCONFIG)
2015-02-14T14:07:01.924-0500 [rsStart] replSet can't get local.system.replset config from self or any seed (EMPTYCONFIG)
2015-02-14T14:07:02.928-0500 [rsStart] replSet can't get local.system.replset config from self or any seed (EMPTYCONFIG)
2015-02-14T14:07:03.931-0500 [rsStart] replSet can't get local.system.replset config from self or any seed (EMPTYCONFIG)
2015-02-14T14:07:04.938-0500 [rsStart] replSet can't get local.system.replset config from self or any seed (EMPTYCONFIG)
2015-02-14T14:07:05.944-0500 [rsStart] replSet can't get local.system.replset config from self or any seed (EMPTYCONFIG)
2015-02-14T14:07:06.948-0500 [rsStart] replSet can't get local.system.replset config from self or any seed (EMPTYCONFIG)
2015-02-14T14:07:07.951-0500 [rsStart] replSet can't get local.system.replset config from self or any seed (EMPTYCONFIG)
2015-02-14T14:07:08.954-0500 [rsStart] replSet can't get local.system.replset config from self or any seed (EMPTYCONFIG)
2015-02-14T14:07:09.960-0500 [rsStart] replSet can't get local.system.replset config from self or any seed (EMPTYCONFIG)
2015-02-14T14:07:10.963-0500 [rsStart] replSet can't get local.system.replset config from self or any seed (EMPTYCONFIG)
2015-02-14T14:07:11.967-0500 [rsStart] replSet can't get local.system.replset config from self or any seed (EMPTYCONFIG)
2015-02-14T14:07:12.971-0500 [rsStart] replSet can't get local.system.replset config from self or any seed (EMPTYCONFIG)
2015-02-14T14:07:13.974-0500 [rsStart] replSet can't get local.system.replset config from self or any seed (EMPTYCONFIG)
2015-02-14T14:07:14.980-0500 [rsStart] replSet can't get local.system.replset config from self or any seed (EMPTYCONFIG)
2015-02-14T14:07:15.987-0500 [rsStart] replSet can't get local.system.replset config from self or any seed (EMPTYCONFIG)
2015-02-14T14:07:16.990-0500 [rsStart] replSet can't get local.system.replset config from self or any seed (EMPTYCONFIG)
2015-02-14T14:07:17.998-0500 [rsStart] replSet can't get local.system.replset config from self or any seed (EMPTYCONFIG)
2015-02-14T14:07:19.005-0500 [rsStart] replSet can't get local.system.replset config from self or any seed (EMPTYCONFIG)
2015-02-14T14:07:20.010-0500 [rsStart] replSet can't get local.system.replset config from self or any seed (EMPTYCONFIG)
2015-02-14T14:07:21.016-0500 [rsStart] replSet can't get local.system.replset config from self or any seed (EMPTYCONFIG)
2015-02-14T14:07:22.023-0500 [rsStart] replSet can't get local.system.replset config from self or any seed (EMPTYCONFIG)
2015-02-14T14:07:22.314-0500 [clientcursormon] mem (MB) res:10 virt:2560
2015-02-14T14:07:22.316-0500 [clientcursormon]  mapped (incl journal view):64
2015-02-14T14:07:22.317-0500 [clientcursormon]  connections:0
2015-02-14T14:07:23.028-0500 [rsStart] replSet can't get local.system.replset config from self or any seed (EMPTYCONFIG)
2015-02-14T14:07:24.031-0500 [rsStart] replSet can't get local.system.replset config from self or any seed (EMPTYCONFIG)
2015-02-14T14:07:25.038-0500 [rsStart] replSet can't get local.system.replset config from self or any seed (EMPTYCONFIG)
2015-02-14T14:07:26.045-0500 [rsStart] replSet can't get local.system.replset config from self or any seed (EMPTYCONFIG)
2015-02-14T14:07:27.053-0500 [rsStart] replSet can't get local.system.replset config from self or any seed (EMPTYCONFIG)
2015-02-14T14:07:28.058-0500 [rsStart] replSet can't get local.system.replset config from self or any seed (EMPTYCONFIG)
2015-02-14T14:07:29.063-0500 [rsStart] replSet can't get local.system.replset config from self or any seed (EMPTYCONFIG)
2015-02-14T14:07:30.069-0500 [rsStart] replSet can't get local.system.replset config from self or any seed (EMPTYCONFIG)
2015-02-14T14:07:31.071-0500 [rsStart] replSet can't get local.system.replset config from self or any seed (EMPTYCONFIG)
2015-02-14T14:07:32.077-0500 [rsStart] replSet can't get local.system.replset config from self or any seed (EMPTYCONFIG)
2015-02-14T14:07:33.083-0500 [rsStart] replSet can't get local.system.replset config from self or any seed (EMPTYCONFIG)
2015-02-14T14:07:34.091-0500 [rsStart] replSet can't get local.system.replset config from self or any seed (EMPTYCONFIG)
2015-02-14T14:07:35.098-0500 [rsStart] replSet can't get local.system.replset config from self or any seed (EMPTYCONFIG)
2015-02-14T14:07:36.101-0500 [rsStart] replSet can't get local.system.replset config from self or any seed (EMPTYCONFIG)
2015-02-14T14:07:37.108-0500 [rsStart] replSet can't get local.system.replset config from self or any seed (EMPTYCONFIG)
2015-02-14T14:07:38.114-0500 [rsStart] replSet can't get local.system.replset config from self or any seed (EMPTYCONFIG)
2015-02-14T14:07:39.119-0500 [rsStart] replSet can't get local.system.replset config from self or any seed (EMPTYCONFIG)
2015-02-14T14:07:40.124-0500 [rsStart] replSet can't get local.system.replset config from self or any seed (EMPTYCONFIG)
2015-02-14T14:07:41.130-0500 [rsStart] replSet can't get local.system.replset config from self or any seed (EMPTYCONFIG)
2015-02-14T14:07:42.137-0500 [rsStart] replSet can't get local.system.replset config from self or any seed (EMPTYCONFIG)
2015-02-14T14:07:43.141-0500 [rsStart] replSet can't get local.system.replset config from self or any seed (EMPTYCONFIG)
2015-02-14T14:07:44.148-0500 [rsStart] replSet can't get local.system.replset config from self or any seed (EMPTYCONFIG)
2015-02-14T14:07:45.154-0500 [rsStart] replSet can't get local.system.replset config from self or any seed (EMPTYCONFIG)
2015-02-14T14:07:46.162-0500 [rsStart] replSet can't get local.system.replset config from self or any seed (EMPTYCONFIG)
2015-02-14T14:07:47.167-0500 [rsStart] replSet can't get local.system.replset config from self or any seed (EMPTYCONFIG)
2015-02-14T14:07:48.174-0500 [rsStart] replSet can't get local.system.replset config from self or any seed (EMPTYCONFIG)
2015-02-14T14:07:49.178-0500 [rsStart] replSet can't get local.system.replset config from self or any seed (EMPTYCONFIG)
2015-02-14T14:07:50.184-0500 [rsStart] replSet can't get local.system.replset config from self or any seed (EMPTYCONFIG)
2015-02-14T14:07:51.191-0500 [rsStart] replSet can't get local.system.replset config from self or any seed (EMPTYCONFIG)
2015-02-14T14:07:52.195-0500 [rsStart] replSet can't get local.system.replset config from self or any seed (EMPTYCONFIG)
2015-02-14T14:07:53.199-0500 [rsStart] replSet can't get local.system.replset config from self or any seed (EMPTYCONFIG)
2015-02-14T14:07:54.205-0500 [rsStart] replSet can't get local.system.replset config from self or any seed (EMPTYCONFIG)
2015-02-14T14:07:55.211-0500 [rsStart] replSet can't get local.system.replset config from self or any seed (EMPTYCONFIG)
2015-02-14T14:07:56.218-0500 [rsStart] replSet can't get local.system.replset config from self or any seed (EMPTYCONFIG)
2015-02-14T14:07:57.225-0500 [rsStart] replSet can't get local.system.replset config from self or any seed (EMPTYCONFIG)
2015-02-14T14:07:58.231-0500 [rsStart] replSet can't get local.system.replset config from self or any seed (EMPTYCONFIG)
2015-02-14T14:07:59.234-0500 [rsStart] replSet can't get local.system.replset config from self or any seed (EMPTYCONFIG)
2015-02-14T14:08:00.240-0500 [rsStart] replSet can't get local.system.replset config from self or any seed (EMPTYCONFIG)
2015-02-14T14:08:01.243-0500 [rsStart] replSet can't get local.system.replset config from self or any seed (EMPTYCONFIG)
2015-02-14T14:08:02.248-0500 [rsStart] replSet can't get local.system.replset config from self or any seed (EMPTYCONFIG)
2015-02-14T14:08:03.253-0500 [rsStart] replSet can't get local.system.replset config from self or any seed (EMPTYCONFIG)
2015-02-14T14:08:04.258-0500 [rsStart] replSet can't get local.system.replset config from self or any seed (EMPTYCONFIG)
2015-02-14T14:08:05.265-0500 [rsStart] replSet can't get local.system.replset config from self or any seed (EMPTYCONFIG)
2015-02-14T14:08:06.270-0500 [rsStart] replSet can't get local.system.replset config from self or any seed (EMPTYCONFIG)
2015-02-14T14:08:07.276-0500 [rsStart] replSet can't get local.system.replset config from self or any seed (EMPTYCONFIG)
2015-02-14T14:08:08.280-0500 [rsStart] replSet can't get local.system.replset config from self or any seed (EMPTYCONFIG)
2015-02-14T14:08:09.287-0500 [rsStart] replSet can't get local.system.replset config from self or any seed (EMPTYCONFIG)
2015-02-14T14:08:10.293-0500 [rsStart] replSet can't get local.system.replset config from self or any seed (EMPTYCONFIG)
2015-02-14T14:08:11.300-0500 [rsStart] replSet can't get local.system.replset config from self or any seed (EMPTYCONFIG)
2015-02-14T14:08:12.304-0500 [rsStart] replSet can't get local.system.replset config from self or any seed (EMPTYCONFIG)
2015-02-14T14:08:13.311-0500 [rsStart] replSet can't get local.system.replset config from self or any seed (EMPTYCONFIG)
2015-02-14T14:08:14.317-0500 [rsStart] replSet can't get local.system.replset config from self or any seed (EMPTYCONFIG)
2015-02-14T14:08:15.325-0500 [rsStart] replSet can't get local.system.replset config from self or any seed (EMPTYCONFIG)
2015-02-14T14:08:16.327-0500 [rsStart] replSet can't get local.system.replset config from self or any seed (EMPTYCONFIG)
2015-02-14T14:08:17.335-0500 [rsStart] replSet can't get local.system.replset config from self or any seed (EMPTYCONFIG)
2015-02-14T14:08:18.341-0500 [rsStart] replSet can't get local.system.replset config from self or any seed (EMPTYCONFIG)
2015-02-14T14:08:19.346-0500 [rsStart] replSet can't get local.system.replset config from self or any seed (EMPTYCONFIG)
2015-02-14T14:08:20.351-0500 [rsStart] replSet can't get local.system.replset config from self or any seed (EMPTYCONFIG)
2015-02-14T14:08:21.358-0500 [rsStart] replSet can't get local.system.replset config from self or any seed (EMPTYCONFIG)
2015-02-14T14:08:22.361-0500 [rsStart] replSet can't get local.system.replset config from self or any seed (EMPTYCONFIG)
2015-02-14T14:08:23.366-0500 [rsStart] replSet can't get local.system.replset config from self or any seed (EMPTYCONFIG)
2015-02-14T14:08:24.369-0500 [rsStart] replSet can't get local.system.replset config from self or any seed (EMPTYCONFIG)
2015-02-14T14:08:25.372-0500 [rsStart] replSet can't get local.system.replset config from self or any seed (EMPTYCONFIG)
2015-02-14T14:08:26.375-0500 [rsStart] replSet can't get local.system.replset config from self or any seed (EMPTYCONFIG)
2015-02-14T14:08:27.382-0500 [rsStart] replSet can't get local.system.replset config from self or any seed (EMPTYCONFIG)
2015-02-14T14:08:28.388-0500 [rsStart] replSet can't get local.system.replset config from self or any seed (EMPTYCONFIG)
2015-02-14T14:08:29.393-0500 [rsStart] replSet can't get local.system.replset config from self or any seed (EMPTYCONFIG)
2015-02-14T14:08:30.397-0500 [rsStart] replSet can't get local.system.replset config from self or any seed (EMPTYCONFIG)
2015-02-14T14:08:31.403-0500 [rsStart] replSet can't get local.system.replset config from self or any seed (EMPTYCONFIG)
2015-02-14T14:08:32.407-0500 [rsStart] replSet can't get local.system.replset config from self or any seed (EMPTYCONFIG)
2015-02-14T14:08:33.414-0500 [rsStart] replSet can't get local.system.replset config from self or any seed (EMPTYCONFIG)
2015-02-14T14:08:34.418-0500 [rsStart] replSet can't get local.system.replset config from self or any seed (EMPTYCONFIG)
2015-02-14T14:08:35.424-0500 [rsStart] replSet can't get local.system.replset config from self or any seed (EMPTYCONFIG)
2015-02-14T14:08:36.428-0500 [rsStart] replSet can't get local.system.replset config from self or any seed (EMPTYCONFIG)
2015-02-14T14:08:37.436-0500 [rsStart] replSet can't get local.system.replset config from self or any seed (EMPTYCONFIG)
2015-02-14T14:08:38.440-0500 [rsStart] replSet can't get local.system.replset config from self or any seed (EMPTYCONFIG)
2015-02-14T14:08:39.445-0500 [rsStart] replSet can't get local.system.replset config from self or any seed (EMPTYCONFIG)
2015-02-14T14:08:40.452-0500 [rsStart] replSet can't get local.system.replset config from self or any seed (EMPTYCONFIG)
2015-02-14T14:08:40.656-0500 [initandlisten] connection accepted from 127.0.0.1:52437 #1 (1 connection now open)
2015-02-14T14:08:41.455-0500 [rsStart] replSet can't get local.system.replset config from self or any seed (EMPTYCONFIG)
2015-02-14T14:08:42.460-0500 [rsStart] replSet can't get local.system.replset config from self or any seed (EMPTYCONFIG)
2015-02-14T14:08:43.466-0500 [rsStart] replSet can't get local.system.replset config from self or any seed (EMPTYCONFIG)
2015-02-14T14:08:44.469-0500 [rsStart] replSet can't get local.system.replset config from self or any seed (EMPTYCONFIG)
2015-02-14T14:08:45.476-0500 [rsStart] replSet can't get local.system.replset config from self or any seed (EMPTYCONFIG)
2015-02-14T14:08:46.482-0500 [rsStart] replSet can't get local.system.replset config from self or any seed (EMPTYCONFIG)
2015-02-14T14:08:47.488-0500 [rsStart] replSet can't get local.system.replset config from self or any seed (EMPTYCONFIG)
2015-02-14T14:08:48.495-0500 [rsStart] replSet can't get local.system.replset config from self or any seed (EMPTYCONFIG)
2015-02-14T14:08:49.498-0500 [rsStart] replSet can't get local.system.replset config from self or any seed (EMPTYCONFIG)
2015-02-14T14:08:50.505-0500 [rsStart] replSet can't get local.system.replset config from self or any seed (EMPTYCONFIG)
2015-02-14T14:08:51.509-0500 [rsStart] replSet can't get local.system.replset config from self or any seed (EMPTYCONFIG)
2015-02-14T14:08:52.513-0500 [rsStart] replSet can't get local.system.replset config from self or any seed (EMPTYCONFIG)
2015-02-14T14:08:53.520-0500 [rsStart] replSet can't get local.system.replset config from self or any seed (EMPTYCONFIG)
2015-02-14T14:08:54.524-0500 [rsStart] replSet can't get local.system.replset config from self or any seed (EMPTYCONFIG)
2015-02-14T14:08:55.528-0500 [rsStart] replSet can't get local.system.replset config from self or any seed (EMPTYCONFIG)
2015-02-14T14:08:56.534-0500 [rsStart] replSet can't get local.system.replset config from self or any seed (EMPTYCONFIG)
2015-02-14T14:08:57.536-0500 [rsStart] replSet can't get local.system.replset config from self or any seed (EMPTYCONFIG)
2015-02-14T14:08:58.540-0500 [rsStart] replSet can't get local.system.replset config from self or any seed (EMPTYCONFIG)
2015-02-14T14:08:59.545-0500 [rsStart] replSet can't get local.system.replset config from self or any seed (EMPTYCONFIG)
2015-02-14T14:09:00.552-0500 [rsStart] replSet can't get local.system.replset config from self or any seed (EMPTYCONFIG)
2015-02-14T14:09:01.559-0500 [rsStart] replSet can't get local.system.replset config from self or any seed (EMPTYCONFIG)
2015-02-14T14:09:02.562-0500 [rsStart] replSet can't get local.system.replset config from self or any seed (EMPTYCONFIG)
2015-02-14T14:09:03.567-0500 [rsStart] replSet can't get local.system.replset config from self or any seed (EMPTYCONFIG)
2015-02-14T14:09:04.571-0500 [rsStart] replSet can't get local.system.replset config from self or any seed (EMPTYCONFIG)
2015-02-14T14:09:05.577-0500 [rsStart] replSet can't get local.system.replset config from self or any seed (EMPTYCONFIG)
2015-02-14T14:09:06.582-0500 [rsStart] replSet can't get local.system.replset config from self or any seed (EMPTYCONFIG)
2015-02-14T14:09:07.589-0500 [rsStart] replSet can't get local.system.replset config from self or any seed (EMPTYCONFIG)
2015-02-14T14:09:08.597-0500 [rsStart] replSet can't get local.system.replset config from self or any seed (EMPTYCONFIG)
2015-02-14T14:09:09.602-0500 [rsStart] replSet can't get local.system.replset config from self or any seed (EMPTYCONFIG)
2015-02-14T14:09:10.608-0500 [rsStart] replSet can't get local.system.replset config from self or any seed (EMPTYCONFIG)
2015-02-14T14:09:11.612-0500 [rsStart] replSet can't get local.system.replset config from self or any seed (EMPTYCONFIG)
2015-02-14T14:09:12.618-0500 [rsStart] replSet can't get local.system.replset config from self or any seed (EMPTYCONFIG)
2015-02-14T14:09:13.626-0500 [rsStart] replSet can't get local.system.replset config from self or any seed (EMPTYCONFIG)
2015-02-14T14:09:14.633-0500 [rsStart] replSet can't get local.system.replset config from self or any seed (EMPTYCONFIG)
2015-02-14T14:09:15.636-0500 [rsStart] replSet can't get local.system.replset config from self or any seed (EMPTYCONFIG)
2015-02-14T14:09:16.641-0500 [rsStart] replSet can't get local.system.replset config from self or any seed (EMPTYCONFIG)
2015-02-14T14:09:17.648-0500 [rsStart] replSet can't get local.system.replset config from self or any seed (EMPTYCONFIG)
2015-02-14T14:09:18.650-0500 [rsStart] replSet can't get local.system.replset config from self or any seed (EMPTYCONFIG)
2015-02-14T14:09:19.653-0500 [rsStart] replSet can't get local.system.replset config from self or any seed (EMPTYCONFIG)
2015-02-14T14:09:20.658-0500 [rsStart] replSet can't get local.system.replset config from self or any seed (EMPTYCONFIG)
2015-02-14T14:09:21.664-0500 [rsStart] replSet can't get local.system.replset config from self or any seed (EMPTYCONFIG)
2015-02-14T14:09:22.671-0500 [rsStart] replSet can't get local.system.replset config from self or any seed (EMPTYCONFIG)
2015-02-14T14:09:23.678-0500 [rsStart] replSet can't get local.system.replset config from self or any seed (EMPTYCONFIG)
2015-02-14T14:09:24.683-0500 [rsStart] replSet can't get local.system.replset config from self or any seed (EMPTYCONFIG)
2015-02-14T14:09:25.690-0500 [rsStart] replSet can't get local.system.replset config from self or any seed (EMPTYCONFIG)
2015-02-14T14:09:26.693-0500 [rsStart] replSet can't get local.system.replset config from self or any seed (EMPTYCONFIG)
2015-02-14T14:09:27.699-0500 [rsStart] replSet can't get local.system.replset config from self or any seed (EMPTYCONFIG)
2015-02-14T14:09:28.705-0500 [rsStart] replSet can't get local.system.replset config from self or any seed (EMPTYCONFIG)
2015-02-14T14:09:29.712-0500 [rsStart] replSet can't get local.system.replset config from self or any seed (EMPTYCONFIG)
2015-02-14T14:09:30.717-0500 [rsStart] replSet can't get local.system.replset config from self or any seed (EMPTYCONFIG)
2015-02-14T14:09:31.724-0500 [rsStart] replSet can't get local.system.replset config from self or any seed (EMPTYCONFIG)
2015-02-14T14:09:32.728-0500 [rsStart] replSet can't get local.system.replset config from self or any seed (EMPTYCONFIG)
2015-02-14T14:09:33.734-0500 [rsStart] replSet can't get local.system.replset config from self or any seed (EMPTYCONFIG)
2015-02-14T14:09:34.740-0500 [rsStart] replSet can't get local.system.replset config from self or any seed (EMPTYCONFIG)
2015-02-14T14:09:35.744-0500 [rsStart] replSet can't get local.system.replset config from self or any seed (EMPTYCONFIG)
2015-02-14T14:09:36.749-0500 [rsStart] replSet can't get local.system.replset config from self or any seed (EMPTYCONFIG)
2015-02-14T14:09:37.756-0500 [rsStart] replSet can't get local.system.replset config from self or any seed (EMPTYCONFIG)
2015-02-14T14:09:38.759-0500 [rsStart] replSet can't get local.system.replset config from self or any seed (EMPTYCONFIG)
2015-02-14T14:09:39.763-0500 [rsStart] replSet can't get local.system.replset config from self or any seed (EMPTYCONFIG)
2015-02-14T14:09:40.770-0500 [rsStart] replSet can't get local.system.replset config from self or any seed (EMPTYCONFIG)
2015-02-14T14:09:41.774-0500 [rsStart] replSet can't get local.system.replset config from self or any seed (EMPTYCONFIG)
2015-02-14T14:09:42.777-0500 [rsStart] replSet can't get local.system.replset config from self or any seed (EMPTYCONFIG)
2015-02-14T14:09:43.781-0500 [rsStart] replSet can't get local.system.replset config from self or any seed (EMPTYCONFIG)
2015-02-14T14:09:44.788-0500 [rsStart] replSet can't get local.system.replset config from self or any seed (EMPTYCONFIG)
2015-02-14T14:09:45.794-0500 [rsStart] replSet can't get local.system.replset config from self or any seed (EMPTYCONFIG)
2015-02-14T14:09:46.801-0500 [rsStart] replSet can't get local.system.replset config from self or any seed (EMPTYCONFIG)
2015-02-14T14:09:47.809-0500 [rsStart] replSet can't get local.system.replset config from self or any seed (EMPTYCONFIG)
2015-02-14T14:09:48.812-0500 [rsStart] replSet can't get local.system.replset config from self or any seed (EMPTYCONFIG)
2015-02-14T14:09:49.819-0500 [rsStart] replSet can't get local.system.replset config from self or any seed (EMPTYCONFIG)
2015-02-14T14:09:50.826-0500 [rsStart] replSet can't get local.system.replset config from self or any seed (EMPTYCONFIG)
2015-02-14T14:09:51.833-0500 [rsStart] replSet can't get local.system.replset config from self or any seed (EMPTYCONFIG)
2015-02-14T14:09:52.840-0500 [rsStart] replSet can't get local.system.replset config from self or any seed (EMPTYCONFIG)
2015-02-14T14:09:53.846-0500 [rsStart] replSet can't get local.system.replset config from self or any seed (EMPTYCONFIG)
2015-02-14T14:09:54.853-0500 [rsStart] replSet can't get local.system.replset config from self or any seed (EMPTYCONFIG)
2015-02-14T14:09:55.859-0500 [rsStart] replSet can't get local.system.replset config from self or any seed (EMPTYCONFIG)
2015-02-14T14:09:56.863-0500 [rsStart] replSet can't get local.system.replset config from self or any seed (EMPTYCONFIG)
2015-02-14T14:09:57.869-0500 [rsStart] replSet can't get local.system.replset config from self or any seed (EMPTYCONFIG)
2015-02-14T14:09:58.873-0500 [rsStart] replSet can't get local.system.replset config from self or any seed (EMPTYCONFIG)
2015-02-14T14:09:59.879-0500 [rsStart] replSet can't get local.system.replset config from self or any seed (EMPTYCONFIG)
2015-02-14T14:10:00.887-0500 [rsStart] replSet can't get local.system.replset config from self or any seed (EMPTYCONFIG)
2015-02-14T14:10:01.892-0500 [rsStart] replSet can't get local.system.replset config from self or any seed (EMPTYCONFIG)
2015-02-14T14:10:02.897-0500 [rsStart] replSet can't get local.system.replset config from self or any seed (EMPTYCONFIG)
2015-02-14T14:10:03.901-0500 [rsStart] replSet can't get local.system.replset config from self or any seed (EMPTYCONFIG)
2015-02-14T14:10:04.905-0500 [rsStart] replSet can't get local.system.replset config from self or any seed (EMPTYCONFIG)
2015-02-14T14:10:05.911-0500 [rsStart] replSet can't get local.system.replset config from self or any seed (EMPTYCONFIG)
2015-02-14T14:10:06.917-0500 [rsStart] replSet can't get local.system.replset config from self or any seed (EMPTYCONFIG)
2015-02-14T14:10:07.923-0500 [rsStart] replSet can't get local.system.replset config from self or any seed (EMPTYCONFIG)
2015-02-14T14:10:08.930-0500 [rsStart] replSet can't get local.system.replset config from self or any seed (EMPTYCONFIG)
2015-02-14T14:10:09.936-0500 [rsStart] replSet can't get local.system.replset config from self or any seed (EMPTYCONFIG)
2015-02-14T14:10:10.940-0500 [rsStart] replSet can't get local.system.replset config from self or any seed (EMPTYCONFIG)
2015-02-14T14:10:11.945-0500 [rsStart] replSet can't get local.system.replset config from self or any seed (EMPTYCONFIG)
2015-02-14T14:10:12.951-0500 [rsStart] replSet can't get local.system.replset config from self or any seed (EMPTYCONFIG)
2015-02-14T14:10:13.959-0500 [rsStart] replSet can't get local.system.replset config from self or any seed (EMPTYCONFIG)
2015-02-14T14:10:14.967-0500 [rsStart] replSet can't get local.system.replset config from self or any seed (EMPTYCONFIG)
2015-02-14T14:10:15.971-0500 [rsStart] replSet can't get local.system.replset config from self or any seed (EMPTYCONFIG)
2015-02-14T14:10:16.975-0500 [rsStart] replSet can't get local.system.replset config from self or any seed (EMPTYCONFIG)
2015-02-14T14:10:17.980-0500 [rsStart] replSet can't get local.system.replset config from self or any seed (EMPTYCONFIG)
2015-02-14T14:10:18.987-0500 [rsStart] replSet can't get local.system.replset config from self or any seed (EMPTYCONFIG)
2015-02-14T14:10:19.991-0500 [rsStart] replSet can't get local.system.replset config from self or any seed (EMPTYCONFIG)
2015-02-14T14:10:20.997-0500 [rsStart] replSet can't get local.system.replset config from self or any seed (EMPTYCONFIG)
2015-02-14T14:10:22.002-0500 [rsStart] replSet can't get local.system.replset config from self or any seed (EMPTYCONFIG)
2015-02-14T14:10:23.009-0500 [rsStart] replSet can't get local.system.replset config from self or any seed (EMPTYCONFIG)
2015-02-14T14:10:24.012-0500 [rsStart] replSet can't get local.system.replset config from self or any seed (EMPTYCONFIG)
2015-02-14T14:10:25.018-0500 [rsStart] replSet can't get local.system.replset config from self or any seed (EMPTYCONFIG)
2015-02-14T14:10:26.024-0500 [rsStart] replSet can't get local.system.replset config from self or any seed (EMPTYCONFIG)
2015-02-14T14:10:27.030-0500 [rsStart] replSet can't get local.system.replset config from self or any seed (EMPTYCONFIG)
2015-02-14T14:10:28.037-0500 [rsStart] replSet can't get local.system.replset config from self or any seed (EMPTYCONFIG)
2015-02-14T14:10:29.044-0500 [rsStart] replSet can't get local.system.replset config from self or any seed (EMPTYCONFIG)
2015-02-14T14:10:30.051-0500 [rsStart] replSet can't get local.system.replset config from self or any seed (EMPTYCONFIG)
2015-02-14T14:10:31.057-0500 [rsStart] replSet can't get local.system.replset config from self or any seed (EMPTYCONFIG)
2015-02-14T14:10:32.064-0500 [rsStart] replSet can't get local.system.replset config from self or any seed (EMPTYCONFIG)
2015-02-14T14:10:33.068-0500 [rsStart] replSet can't get local.system.replset config from self or any seed (EMPTYCONFIG)
2015-02-14T14:10:34.072-0500 [rsStart] replSet can't get local.system.replset config from self or any seed (EMPTYCONFIG)
2015-02-14T14:10:35.079-0500 [rsStart] replSet can't get local.system.replset config from self or any seed (EMPTYCONFIG)
2015-02-14T14:10:36.088-0500 [rsStart] replSet can't get local.system.replset config from self or any seed (EMPTYCONFIG)
2015-02-14T14:10:37.093-0500 [rsStart] replSet can't get local.system.replset config from self or any seed (EMPTYCONFIG)
2015-02-14T14:10:38.098-0500 [rsStart] replSet can't get local.system.replset config from self or any seed (EMPTYCONFIG)
2015-02-14T14:10:39.104-0500 [rsStart] replSet can't get local.system.replset config from self or any seed (EMPTYCONFIG)
2015-02-14T14:10:40.110-0500 [rsStart] replSet can't get local.system.replset config from self or any seed (EMPTYCONFIG)
2015-02-14T14:10:41.116-0500 [rsStart] replSet can't get local.system.replset config from self or any seed (EMPTYCONFIG)
2015-02-14T14:10:42.121-0500 [rsStart] replSet can't get local.system.replset config from self or any seed (EMPTYCONFIG)
2015-02-14T14:10:43.127-0500 [rsStart] replSet can't get local.system.replset config from self or any seed (EMPTYCONFIG)
2015-02-14T14:10:44.135-0500 [rsStart] replSet can't get local.system.replset config from self or any seed (EMPTYCONFIG)
2015-02-14T14:10:45.142-0500 [rsStart] replSet can't get local.system.replset config from self or any seed (EMPTYCONFIG)
2015-02-14T14:10:46.150-0500 [rsStart] replSet can't get local.system.replset config from self or any seed (EMPTYCONFIG)
2015-02-14T14:10:47.153-0500 [rsStart] replSet can't get local.system.replset config from self or any seed (EMPTYCONFIG)
2015-02-14T14:10:48.159-0500 [rsStart] replSet can't get local.system.replset config from self or any seed (EMPTYCONFIG)
2015-02-14T14:10:49.163-0500 [rsStart] replSet can't get local.system.replset config from self or any seed (EMPTYCONFIG)
2015-02-14T14:10:50.170-0500 [rsStart] replSet can't get local.system.replset config from self or any seed (EMPTYCONFIG)
2015-02-14T14:10:51.177-0500 [rsStart] replSet can't get local.system.replset config from self or any seed (EMPTYCONFIG)
2015-02-14T14:10:52.180-0500 [rsStart] replSet can't get local.system.replset config from self or any seed (EMPTYCONFIG)
2015-02-14T14:10:53.187-0500 [rsStart] replSet can't get local.system.replset config from self or any seed (EMPTYCONFIG)
2015-02-14T14:10:54.194-0500 [rsStart] replSet can't get local.system.replset config from self or any seed (EMPTYCONFIG)
2015-02-14T14:10:55.199-0500 [rsStart] replSet can't get local.system.replset config from self or any seed (EMPTYCONFIG)
2015-02-14T14:10:56.202-0500 [rsStart] replSet can't get local.system.replset config from self or any seed (EMPTYCONFIG)
2015-02-14T14:10:57.207-0500 [rsStart] replSet can't get local.system.replset config from self or any seed (EMPTYCONFIG)
2015-02-14T14:10:58.212-0500 [rsStart] replSet can't get local.system.replset config from self or any seed (EMPTYCONFIG)
2015-02-14T14:10:59.215-0500 [rsStart] replSet can't get local.system.replset config from self or any seed (EMPTYCONFIG)
2015-02-14T14:11:00.220-0500 [rsStart] replSet can't get local.system.replset config from self or any seed (EMPTYCONFIG)
2015-02-14T14:11:01.224-0500 [rsStart] replSet can't get local.system.replset config from self or any seed (EMPTYCONFIG)
2015-02-14T14:11:02.230-0500 [rsStart] replSet can't get local.system.replset config from self or any seed (EMPTYCONFIG)
2015-02-14T14:11:03.237-0500 [rsStart] replSet can't get local.system.replset config from self or any seed (EMPTYCONFIG)
2015-02-14T14:11:04.243-0500 [rsStart] replSet can't get local.system.replset config from self or any seed (EMPTYCONFIG)
2015-02-14T14:11:05.247-0500 [rsStart] replSet can't get local.system.replset config from self or any seed (EMPTYCONFIG)
2015-02-14T14:11:06.250-0500 [rsStart] replSet can't get local.system.replset config from self or any seed (EMPTYCONFIG)
2015-02-14T14:11:07.253-0500 [rsStart] replSet can't get local.system.replset config from self or any seed (EMPTYCONFIG)
2015-02-14T14:11:08.260-0500 [rsStart] replSet can't get local.system.replset config from self or any seed (EMPTYCONFIG)
2015-02-14T14:11:09.265-0500 [rsStart] replSet can't get local.system.replset config from self or any seed (EMPTYCONFIG)
2015-02-14T14:11:10.272-0500 [rsStart] replSet can't get local.system.replset config from self or any seed (EMPTYCONFIG)
2015-02-14T14:11:11.278-0500 [rsStart] replSet can't get local.system.replset config from self or any seed (EMPTYCONFIG)
2015-02-14T14:11:12.286-0500 [rsStart] replSet can't get local.system.replset config from self or any seed (EMPTYCONFIG)
2015-02-14T14:11:13.292-0500 [rsStart] replSet can't get local.system.replset config from self or any seed (EMPTYCONFIG)
2015-02-14T14:11:14.298-0500 [rsStart] replSet can't get local.system.replset config from self or any seed (EMPTYCONFIG)
2015-02-14T14:11:15.305-0500 [rsStart] replSet can't get local.system.replset config from self or any seed (EMPTYCONFIG)
2015-02-14T14:11:16.308-0500 [rsStart] replSet can't get local.system.replset config from self or any seed (EMPTYCONFIG)
2015-02-14T14:11:17.311-0500 [rsStart] replSet can't get local.system.replset config from self or any seed (EMPTYCONFIG)
2015-02-14T14:11:18.318-0500 [rsStart] replSet can't get local.system.replset config from self or any seed (EMPTYCONFIG)
2015-02-14T14:11:19.323-0500 [rsStart] replSet can't get local.system.replset config from self or any seed (EMPTYCONFIG)
2015-02-14T14:11:20.329-0500 [rsStart] replSet can't get local.system.replset config from self or any seed (EMPTYCONFIG)
2015-02-14T14:11:21.336-0500 [rsStart] replSet can't get local.system.replset config from self or any seed (EMPTYCONFIG)
2015-02-14T14:11:22.341-0500 [rsStart] replSet can't get local.system.replset config from self or any seed (EMPTYCONFIG)
2015-02-14T14:11:23.348-0500 [rsStart] replSet can't get local.system.replset config from self or any seed (EMPTYCONFIG)
2015-02-14T14:11:24.355-0500 [rsStart] replSet can't get local.system.replset config from self or any seed (EMPTYCONFIG)
2015-02-14T14:11:25.363-0500 [rsStart] replSet can't get local.system.replset config from self or any seed (EMPTYCONFIG)
2015-02-14T14:11:26.368-0500 [rsStart] replSet can't get local.system.replset config from self or any seed (EMPTYCONFIG)
2015-02-14T14:11:27.375-0500 [rsStart] replSet can't get local.system.replset config from self or any seed (EMPTYCONFIG)
2015-02-14T14:11:28.380-0500 [rsStart] replSet can't get local.system.replset config from self or any seed (EMPTYCONFIG)
2015-02-14T14:11:29.384-0500 [rsStart] replSet can't get local.system.replset config from self or any seed (EMPTYCONFIG)
2015-02-14T14:11:30.391-0500 [rsStart] replSet can't get local.system.replset config from self or any seed (EMPTYCONFIG)
2015-02-14T14:11:31.397-0500 [rsStart] replSet can't get local.system.replset config from self or any seed (EMPTYCONFIG)
2015-02-14T14:11:32.405-0500 [rsStart] replSet can't get local.system.replset config from self or any seed (EMPTYCONFIG)
2015-02-14T14:11:33.412-0500 [rsStart] replSet can't get local.system.replset config from self or any seed (EMPTYCONFIG)
2015-02-14T14:11:34.416-0500 [rsStart] replSet can't get local.system.replset config from self or any seed (EMPTYCONFIG)
2015-02-14T14:11:35.423-0500 [rsStart] replSet can't get local.system.replset config from self or any seed (EMPTYCONFIG)
2015-02-14T14:11:36.432-0500 [rsStart] replSet can't get local.system.replset config from self or any seed (EMPTYCONFIG)
2015-02-14T14:11:37.438-0500 [rsStart] replSet can't get local.system.replset config from self or any seed (EMPTYCONFIG)
2015-02-14T14:11:38.445-0500 [rsStart] replSet can't get local.system.replset config from self or any seed (EMPTYCONFIG)
2015-02-14T14:11:39.448-0500 [rsStart] replSet can't get local.system.replset config from self or any seed (EMPTYCONFIG)
2015-02-14T14:11:40.455-0500 [rsStart] replSet can't get local.system.replset config from self or any seed (EMPTYCONFIG)
2015-02-14T14:11:41.463-0500 [rsStart] replSet can't get local.system.replset config from self or any seed (EMPTYCONFIG)
2015-02-14T14:11:42.469-0500 [rsStart] replSet can't get local.system.replset config from self or any seed (EMPTYCONFIG)
2015-02-14T14:11:43.474-0500 [rsStart] replSet can't get local.system.replset config from self or any seed (EMPTYCONFIG)
2015-02-14T14:11:44.481-0500 [rsStart] replSet can't get local.system.replset config from self or any seed (EMPTYCONFIG)
2015-02-14T14:11:45.487-0500 [rsStart] replSet can't get local.system.replset config from self or any seed (EMPTYCONFIG)
2015-02-14T14:11:46.493-0500 [rsStart] replSet can't get local.system.replset config from self or any seed (EMPTYCONFIG)
2015-02-14T14:11:47.500-0500 [rsStart] replSet can't get local.system.replset config from self or any seed (EMPTYCONFIG)
2015-02-14T14:11:48.505-0500 [rsStart] replSet can't get local.system.replset config from self or any seed (EMPTYCONFIG)
2015-02-14T14:11:49.510-0500 [rsStart] replSet can't get local.system.replset config from self or any seed (EMPTYCONFIG)
2015-02-14T14:11:50.516-0500 [rsStart] replSet can't get local.system.replset config from self or any seed (EMPTYCONFIG)
2015-02-14T14:11:51.523-0500 [rsStart] replSet can't get local.system.replset config from self or any seed (EMPTYCONFIG)
2015-02-14T14:11:52.529-0500 [rsStart] replSet can't get local.system.replset config from self or any seed (EMPTYCONFIG)
2015-02-14T14:11:53.538-0500 [rsStart] replSet can't get local.system.replset config from self or any seed (EMPTYCONFIG)
2015-02-14T14:11:54.542-0500 [rsStart] replSet can't get local.system.replset config from self or any seed (EMPTYCONFIG)
2015-02-14T14:11:55.549-0500 [rsStart] replSet can't get local.system.replset config from self or any seed (EMPTYCONFIG)
2015-02-14T14:11:56.556-0500 [rsStart] replSet can't get local.system.replset config from self or any seed (EMPTYCONFIG)
2015-02-14T14:11:57.560-0500 [rsStart] replSet can't get local.system.replset config from self or any seed (EMPTYCONFIG)
2015-02-14T14:11:58.565-0500 [rsStart] replSet can't get local.system.replset config from self or any seed (EMPTYCONFIG)
2015-02-14T14:11:59.572-0500 [rsStart] replSet can't get local.system.replset config from self or any seed (EMPTYCONFIG)
2015-02-14T14:12:00.578-0500 [rsStart] replSet can't get local.system.replset config from self or any seed (EMPTYCONFIG)
2015-02-14T14:12:01.585-0500 [rsStart] replSet can't get local.system.replset config from self or any seed (EMPTYCONFIG)
2015-02-14T14:12:02.591-0500 [rsStart] replSet can't get local.system.replset config from self or any seed (EMPTYCONFIG)
2015-02-14T14:12:03.595-0500 [rsStart] replSet can't get local.system.replset config from self or any seed (EMPTYCONFIG)
2015-02-14T14:12:04.600-0500 [rsStart] replSet can't get local.system.replset config from self or any seed (EMPTYCONFIG)
2015-02-14T14:12:05.607-0500 [rsStart] replSet can't get local.system.replset config from self or any seed (EMPTYCONFIG)
2015-02-14T14:12:06.612-0500 [rsStart] replSet can't get local.system.replset config from self or any seed (EMPTYCONFIG)
2015-02-14T14:12:07.617-0500 [rsStart] replSet can't get local.system.replset config from self or any seed (EMPTYCONFIG)
2015-02-14T14:12:08.623-0500 [rsStart] replSet can't get local.system.replset config from self or any seed (EMPTYCONFIG)
2015-02-14T14:12:09.630-0500 [rsStart] replSet can't get local.system.replset config from self or any seed (EMPTYCONFIG)
2015-02-14T14:12:10.637-0500 [rsStart] replSet can't get local.system.replset config from self or any seed (EMPTYCONFIG)
2015-02-14T14:12:10.950-0500 [conn1] end connection 127.0.0.1:52437 (0 connections now open)
2015-02-14T14:12:11.644-0500 [rsStart] replSet can't get local.system.replset config from self or any seed (EMPTYCONFIG)
2015-02-14T14:12:12.649-0500 [rsStart] replSet can't get local.system.replset config from self or any seed (EMPTYCONFIG)
2015-02-14T14:12:13.655-0500 [rsStart] replSet can't get local.system.replset config from self or any seed (EMPTYCONFIG)
2015-02-14T14:12:14.659-0500 [rsStart] replSet can't get local.system.replset config from self or any seed (EMPTYCONFIG)
2015-02-14T14:12:15.662-0500 [rsStart] replSet can't get local.system.replset config from self or any seed (EMPTYCONFIG)
2015-02-14T14:12:16.666-0500 [rsStart] replSet can't get local.system.replset config from self or any seed (EMPTYCONFIG)
2015-02-14T14:12:17.671-0500 [rsStart] replSet can't get local.system.replset config from self or any seed (EMPTYCONFIG)
2015-02-14T14:12:18.678-0500 [rsStart] replSet can't get local.system.replset config from self or any seed (EMPTYCONFIG)
2015-02-14T14:12:19.683-0500 [rsStart] replSet can't get local.system.replset config from self or any seed (EMPTYCONFIG)
2015-02-14T14:12:19.817-0500 [initandlisten] connection accepted from 127.0.0.1:52542 #2 (1 connection now open)
2015-02-14T14:12:19.824-0500 [conn2] replSet replSetInitiate admin command received from client
2015-02-14T14:12:19.828-0500 [conn2] replSet replSetInitiate config object parses ok, 3 members specified
2015-02-14T14:12:19.837-0500 [conn2] replSet replSetInitiate all members seem up
2015-02-14T14:12:19.838-0500 [conn2] ******
2015-02-14T14:12:19.839-0500 [conn2] creating replication oplog of size: 64MB...
2015-02-14T14:12:19.840-0500 [FileAllocator] allocating new datafile /data/rs2/local.1, filling with zeroes...
2015-02-14T14:12:20.309-0500 [FileAllocator] done allocating datafile /data/rs2/local.1, size: 128MB,  took 0.468 secs
2015-02-14T14:12:20.353-0500 [conn2] ******
2015-02-14T14:12:20.354-0500 [conn2] replSet info saving a newer config version to local.system.replset: { _id: "m101", version: 1, members: [ { _id: 0, host: "localhost:27017" }, { _id: 1, host: "localhost:27018" }, { _id: 2, host: "localhost:27019" } ] }
2015-02-14T14:12:20.356-0500 [conn2] build index on: local.system.replset properties: { v: 1, key: { _id: 1 }, name: "_id_", ns: "local.system.replset" }
2015-02-14T14:12:20.358-0500 [conn2] 	 added index to empty collection
2015-02-14T14:12:20.359-0500 [conn2] replSet saveConfigLocally done
2015-02-14T14:12:20.360-0500 [conn2] replSet replSetInitiate config now saved locally.  Should come online in about a minute.
2015-02-14T14:12:20.362-0500 [conn2] command admin.$cmd command: replSetInitiate { replSetInitiate: { _id: "m101", members: [ { _id: 0.0, host: "localhost:27017" }, { _id: 1.0, host: "localhost:27018" }, { _id: 2.0, host: "localhost:27019" } ] } } keyUpdates:0 numYields:0 locks(micros) W:523996 reslen:112 537ms
2015-02-14T14:12:20.367-0500 [conn2] end connection 127.0.0.1:52542 (0 connections now open)
2015-02-14T14:12:20.689-0500 [rsStart] replSet I am localhost:27018
2015-02-14T14:12:20.694-0500 [rsStart] build index on: local.me properties: { v: 1, key: { _id: 1 }, name: "_id_", ns: "local.me" }
2015-02-14T14:12:20.696-0500 [rsStart] 	 added index to empty collection
2015-02-14T14:12:20.697-0500 [rsStart] replSet STARTUP2
2015-02-14T14:12:20.699-0500 [rsSync] replSet SECONDARY
2015-02-14T14:12:22.543-0500 [clientcursormon] mem (MB) res:10 virt:2820
2015-02-14T14:12:22.544-0500 [clientcursormon]  mapped (incl journal view):320
2015-02-14T14:12:22.545-0500 [clientcursormon]  connections:0
2015-02-14T14:12:22.547-0500 [clientcursormon]  replication threads:32
2015-02-14T14:12:22.694-0500 [rsHealthPoll] replSet member localhost:27017 is up
2015-02-14T14:12:22.694-0500 [rsHealthPoll] replSet member localhost:27019 is up
2015-02-14T14:12:22.698-0500 [rsMgr] replSet info electSelf 1
2015-02-14T14:12:22.701-0500 [rsMgr] replSet couldn't elect self, only received 1 votes
2015-02-14T14:12:22.702-0500 [rsMgr] replSet info electSelf 1
2015-02-14T14:12:22.704-0500 [rsMgr] replSet couldn't elect self, only received 1 votes
2015-02-14T14:12:22.938-0500 [initandlisten] connection accepted from 127.0.0.1:52548 #3 (1 connection now open)
2015-02-14T14:12:22.940-0500 [conn3] end connection 127.0.0.1:52548 (0 connections now open)
2015-02-14T14:12:22.942-0500 [initandlisten] connection accepted from 127.0.0.1:52549 #4 (1 connection now open)
2015-02-14T14:12:23.622-0500 [initandlisten] connection accepted from 127.0.0.1:52551 #5 (2 connections now open)
2015-02-14T14:12:23.623-0500 [conn5] end connection 127.0.0.1:52551 (1 connection now open)
2015-02-14T14:12:23.626-0500 [initandlisten] connection accepted from 127.0.0.1:52552 #6 (2 connections now open)
2015-02-14T14:12:24.702-0500 [rsHealthPoll] replset info localhost:27017 thinks that we are down
2015-02-14T14:12:24.702-0500 [rsHealthPoll] replset info localhost:27019 thinks that we are down
2015-02-14T14:12:24.704-0500 [rsHealthPoll] replSet member localhost:27017 is now in state STARTUP2
2015-02-14T14:12:24.705-0500 [rsHealthPoll] replSet member localhost:27019 is now in state STARTUP2
2015-02-14T14:12:24.708-0500 [rsMgr] not electing self, localhost:27019 would veto with 'I don't think localhost:27018 is electable'
2015-02-14T14:12:24.711-0500 [rsMgr] not electing self, localhost:27019 would veto with 'I don't think localhost:27018 is electable'
2015-02-14T14:12:28.033-0500 [initandlisten] connection accepted from 127.0.0.1:52558 #7 (3 connections now open)
2015-02-14T14:12:30.722-0500 [rsMgr] replSet info electSelf 1
2015-02-14T14:12:31.728-0500 [rsMgr] replSet PRIMARY
2015-02-14T14:12:39.496-0500 [initandlisten] connection accepted from 127.0.0.1:52563 #8 (4 connections now open)
2015-02-14T14:12:39.507-0500 [initandlisten] connection accepted from 127.0.0.1:52564 #9 (5 connections now open)
2015-02-14T14:12:39.515-0500 [conn9] end connection 127.0.0.1:52564 (4 connections now open)
2015-02-14T14:12:39.527-0500 [conn8] end connection 127.0.0.1:52563 (3 connections now open)
2015-02-14T14:12:39.666-0500 [conn6] end connection 127.0.0.1:52552 (2 connections now open)
2015-02-14T14:12:39.666-0500 [initandlisten] connection accepted from 127.0.0.1:52565 #10 (4 connections now open)
2015-02-14T14:12:40.019-0500 [initandlisten] connection accepted from 127.0.0.1:52566 #11 (4 connections now open)
2015-02-14T14:12:40.022-0500 [initandlisten] connection accepted from 127.0.0.1:52567 #12 (5 connections now open)
2015-02-14T14:12:40.168-0500 [initandlisten] connection accepted from 127.0.0.1:52568 #13 (6 connections now open)
2015-02-14T14:12:40.185-0500 [initandlisten] connection accepted from 127.0.0.1:52569 #14 (7 connections now open)
2015-02-14T14:12:40.194-0500 [conn14] end connection 127.0.0.1:52569 (6 connections now open)
2015-02-14T14:12:40.207-0500 [conn13] end connection 127.0.0.1:52568 (5 connections now open)
2015-02-14T14:12:40.699-0500 [initandlisten] connection accepted from 127.0.0.1:52570 #15 (6 connections now open)
2015-02-14T14:12:40.702-0500 [initandlisten] connection accepted from 127.0.0.1:52571 #16 (7 connections now open)
2015-02-14T14:12:40.731-0500 [rsHealthPoll] replSet member localhost:27019 is now in state SECONDARY
2015-02-14T14:12:40.742-0500 [rsHealthPoll] replSet member localhost:27017 is now in state RECOVERING
2015-02-14T14:12:41.520-0500 [slaveTracking] build index on: local.slaves properties: { v: 1, key: { _id: 1 }, name: "_id_", ns: "local.slaves" }
2015-02-14T14:12:41.522-0500 [slaveTracking] 	 added index to empty collection
2015-02-14T14:12:42.747-0500 [rsHealthPoll] replSet member localhost:27017 is now in state SECONDARY
2015-02-14T14:12:53.009-0500 [conn4] end connection 127.0.0.1:52549 (6 connections now open)
2015-02-14T14:12:53.009-0500 [initandlisten] connection accepted from 127.0.0.1:52577 #17 (8 connections now open)
2015-02-14T14:13:09.725-0500 [conn10] end connection 127.0.0.1:52565 (6 connections now open)
2015-02-14T14:13:09.725-0500 [initandlisten] connection accepted from 127.0.0.1:52585 #18 (8 connections now open)
2015-02-14T14:13:23.063-0500 [conn17] end connection 127.0.0.1:52577 (6 connections now open)
2015-02-14T14:13:23.063-0500 [initandlisten] connection accepted from 127.0.0.1:52590 #19 (8 connections now open)
2015-02-14T14:13:39.782-0500 [conn18] end connection 127.0.0.1:52585 (6 connections now open)
2015-02-14T14:13:39.783-0500 [initandlisten] connection accepted from 127.0.0.1:52601 #20 (8 connections now open)
2015-02-14T14:13:53.124-0500 [conn19] end connection 127.0.0.1:52590 (6 connections now open)
2015-02-14T14:13:53.124-0500 [initandlisten] connection accepted from 127.0.0.1:52608 #21 (8 connections now open)
2015-02-14T14:14:09.833-0500 [conn20] end connection 127.0.0.1:52601 (6 connections now open)
2015-02-14T14:14:09.834-0500 [initandlisten] connection accepted from 127.0.0.1:52616 #22 (8 connections now open)
2015-02-14T14:14:23.164-0500 [conn21] end connection 127.0.0.1:52608 (6 connections now open)
2015-02-14T14:14:23.164-0500 [initandlisten] connection accepted from 127.0.0.1:52626 #23 (8 connections now open)
2015-02-14T14:14:39.896-0500 [conn22] end connection 127.0.0.1:52616 (6 connections now open)
2015-02-14T14:14:39.896-0500 [initandlisten] connection accepted from 127.0.0.1:52637 #24 (8 connections now open)
2015-02-14T14:14:53.219-0500 [conn23] end connection 127.0.0.1:52626 (6 connections now open)
2015-02-14T14:14:53.219-0500 [initandlisten] connection accepted from 127.0.0.1:52643 #25 (8 connections now open)
2015-02-14T14:15:09.949-0500 [conn24] end connection 127.0.0.1:52637 (6 connections now open)
2015-02-14T14:15:09.950-0500 [initandlisten] connection accepted from 127.0.0.1:52651 #26 (8 connections now open)
2015-02-14T14:15:23.268-0500 [conn25] end connection 127.0.0.1:52643 (6 connections now open)
2015-02-14T14:15:23.269-0500 [initandlisten] connection accepted from 127.0.0.1:52657 #27 (8 connections now open)
2015-02-14T14:15:40.008-0500 [conn26] end connection 127.0.0.1:52651 (6 connections now open)
2015-02-14T14:15:40.009-0500 [initandlisten] connection accepted from 127.0.0.1:52667 #28 (8 connections now open)
2015-02-14T14:15:53.318-0500 [conn27] end connection 127.0.0.1:52657 (6 connections now open)
2015-02-14T14:15:53.318-0500 [initandlisten] connection accepted from 127.0.0.1:52673 #29 (8 connections now open)
2015-02-14T14:16:10.066-0500 [conn28] end connection 127.0.0.1:52667 (6 connections now open)
2015-02-14T14:16:10.066-0500 [initandlisten] connection accepted from 127.0.0.1:52686 #30 (8 connections now open)
2015-02-14T14:16:23.371-0500 [conn29] end connection 127.0.0.1:52673 (6 connections now open)
2015-02-14T14:16:23.371-0500 [initandlisten] connection accepted from 127.0.0.1:52692 #31 (8 connections now open)
2015-02-14T14:16:40.115-0500 [conn30] end connection 127.0.0.1:52686 (6 connections now open)
2015-02-14T14:16:40.115-0500 [initandlisten] connection accepted from 127.0.0.1:52700 #32 (8 connections now open)
2015-02-14T14:16:53.425-0500 [conn31] end connection 127.0.0.1:52692 (6 connections now open)
2015-02-14T14:16:53.426-0500 [initandlisten] connection accepted from 127.0.0.1:52706 #33 (8 connections now open)
2015-02-14T14:17:10.169-0500 [conn32] end connection 127.0.0.1:52700 (6 connections now open)
2015-02-14T14:17:10.170-0500 [initandlisten] connection accepted from 127.0.0.1:52713 #34 (8 connections now open)
2015-02-14T14:17:22.767-0500 [clientcursormon] mem (MB) res:11 virt:2828
2015-02-14T14:17:22.768-0500 [clientcursormon]  mapped (incl journal view):320
2015-02-14T14:17:22.770-0500 [clientcursormon]  connections:7
2015-02-14T14:17:22.771-0500 [clientcursormon]  replication threads:32
2015-02-14T14:17:23.485-0500 [conn33] end connection 127.0.0.1:52706 (6 connections now open)
2015-02-14T14:17:23.485-0500 [initandlisten] connection accepted from 127.0.0.1:52719 #35 (8 connections now open)
2015-02-14T14:17:40.226-0500 [conn34] end connection 127.0.0.1:52713 (6 connections now open)
2015-02-14T14:17:40.226-0500 [initandlisten] connection accepted from 127.0.0.1:52728 #36 (8 connections now open)
2015-02-14T14:17:53.537-0500 [conn35] end connection 127.0.0.1:52719 (6 connections now open)
2015-02-14T14:17:53.538-0500 [initandlisten] connection accepted from 127.0.0.1:52735 #37 (8 connections now open)
2015-02-14T14:18:10.278-0500 [conn36] end connection 127.0.0.1:52728 (6 connections now open)
2015-02-14T14:18:10.278-0500 [initandlisten] connection accepted from 127.0.0.1:52743 #38 (8 connections now open)
2015-02-14T14:18:23.602-0500 [conn37] end connection 127.0.0.1:52735 (6 connections now open)
2015-02-14T14:18:23.602-0500 [initandlisten] connection accepted from 127.0.0.1:52749 #39 (8 connections now open)
2015-02-14T14:18:40.329-0500 [conn38] end connection 127.0.0.1:52743 (6 connections now open)
2015-02-14T14:18:40.329-0500 [initandlisten] connection accepted from 127.0.0.1:52757 #40 (8 connections now open)
2015-02-14T14:18:53.662-0500 [conn39] end connection 127.0.0.1:52749 (6 connections now open)
2015-02-14T14:18:53.663-0500 [initandlisten] connection accepted from 127.0.0.1:52763 #41 (8 connections now open)
2015-02-14T14:19:10.385-0500 [conn40] end connection 127.0.0.1:52757 (6 connections now open)
2015-02-14T14:19:10.386-0500 [initandlisten] connection accepted from 127.0.0.1:52772 #42 (8 connections now open)
2015-02-14T14:19:23.732-0500 [conn41] end connection 127.0.0.1:52763 (6 connections now open)
2015-02-14T14:19:23.732-0500 [initandlisten] connection accepted from 127.0.0.1:52780 #43 (8 connections now open)
2015-02-14T14:19:40.447-0500 [conn42] end connection 127.0.0.1:52772 (6 connections now open)
2015-02-14T14:19:40.447-0500 [initandlisten] connection accepted from 127.0.0.1:52791 #44 (8 connections now open)
2015-02-14T14:19:53.787-0500 [conn43] end connection 127.0.0.1:52780 (6 connections now open)
2015-02-14T14:19:53.788-0500 [initandlisten] connection accepted from 127.0.0.1:52798 #45 (8 connections now open)
2015-02-14T14:20:10.500-0500 [conn44] end connection 127.0.0.1:52791 (6 connections now open)
2015-02-14T14:20:10.501-0500 [initandlisten] connection accepted from 127.0.0.1:52807 #46 (8 connections now open)
2015-02-14T14:20:23.846-0500 [conn45] end connection 127.0.0.1:52798 (6 connections now open)
2015-02-14T14:20:23.846-0500 [initandlisten] connection accepted from 127.0.0.1:52817 #47 (8 connections now open)
2015-02-14T14:20:40.552-0500 [conn46] end connection 127.0.0.1:52807 (6 connections now open)
2015-02-14T14:20:40.553-0500 [initandlisten] connection accepted from 127.0.0.1:52860 #48 (8 connections now open)
2015-02-14T14:20:53.899-0500 [conn47] end connection 127.0.0.1:52817 (6 connections now open)
2015-02-14T14:20:53.899-0500 [initandlisten] connection accepted from 127.0.0.1:52879 #49 (8 connections now open)
2015-02-14T14:21:10.608-0500 [conn48] end connection 127.0.0.1:52860 (6 connections now open)
2015-02-14T14:21:10.609-0500 [initandlisten] connection accepted from 127.0.0.1:52931 #50 (8 connections now open)
2015-02-14T14:21:23.950-0500 [conn49] end connection 127.0.0.1:52879 (6 connections now open)
2015-02-14T14:21:23.950-0500 [initandlisten] connection accepted from 127.0.0.1:52937 #51 (8 connections now open)
2015-02-14T14:21:40.667-0500 [conn50] end connection 127.0.0.1:52931 (6 connections now open)
2015-02-14T14:21:40.667-0500 [initandlisten] connection accepted from 127.0.0.1:52953 #52 (8 connections now open)
2015-02-14T14:21:54.015-0500 [conn51] end connection 127.0.0.1:52937 (6 connections now open)
2015-02-14T14:21:54.015-0500 [initandlisten] connection accepted from 127.0.0.1:52983 #53 (8 connections now open)
2015-02-14T14:22:10.719-0500 [conn52] end connection 127.0.0.1:52953 (6 connections now open)
2015-02-14T14:22:10.719-0500 [initandlisten] connection accepted from 127.0.0.1:52999 #54 (8 connections now open)
2015-02-14T14:22:22.999-0500 [clientcursormon] mem (MB) res:11 virt:2828
2015-02-14T14:22:23.000-0500 [clientcursormon]  mapped (incl journal view):320
2015-02-14T14:22:23.001-0500 [clientcursormon]  connections:7
2015-02-14T14:22:23.003-0500 [clientcursormon]  replication threads:32
2015-02-14T14:22:24.081-0500 [conn53] end connection 127.0.0.1:52983 (6 connections now open)
2015-02-14T14:22:24.081-0500 [initandlisten] connection accepted from 127.0.0.1:53006 #55 (8 connections now open)
2015-02-14T14:22:40.778-0500 [conn54] end connection 127.0.0.1:52999 (6 connections now open)
2015-02-14T14:22:40.778-0500 [initandlisten] connection accepted from 127.0.0.1:53014 #56 (8 connections now open)
2015-02-14T14:22:54.142-0500 [conn55] end connection 127.0.0.1:53006 (6 connections now open)
2015-02-14T14:22:54.142-0500 [initandlisten] connection accepted from 127.0.0.1:53021 #57 (8 connections now open)
2015-02-14T14:23:10.825-0500 [conn56] end connection 127.0.0.1:53014 (6 connections now open)
2015-02-14T14:23:10.825-0500 [initandlisten] connection accepted from 127.0.0.1:53028 #58 (8 connections now open)
2015-02-14T14:23:24.202-0500 [conn57] end connection 127.0.0.1:53021 (6 connections now open)
2015-02-14T14:23:24.202-0500 [initandlisten] connection accepted from 127.0.0.1:53090 #59 (8 connections now open)
2015-02-14T14:23:40.876-0500 [conn58] end connection 127.0.0.1:53028 (6 connections now open)
2015-02-14T14:23:40.876-0500 [initandlisten] connection accepted from 127.0.0.1:53098 #60 (8 connections now open)
2015-02-14T14:23:54.254-0500 [conn59] end connection 127.0.0.1:53090 (6 connections now open)
2015-02-14T14:23:54.255-0500 [initandlisten] connection accepted from 127.0.0.1:53136 #61 (8 connections now open)
2015-02-14T14:24:10.926-0500 [conn60] end connection 127.0.0.1:53098 (6 connections now open)
2015-02-14T14:24:10.926-0500 [initandlisten] connection accepted from 127.0.0.1:53144 #62 (8 connections now open)
2015-02-14T14:24:24.314-0500 [conn61] end connection 127.0.0.1:53136 (6 connections now open)
2015-02-14T14:24:24.314-0500 [initandlisten] connection accepted from 127.0.0.1:53155 #63 (8 connections now open)
2015-02-14T14:24:40.990-0500 [conn62] end connection 127.0.0.1:53144 (6 connections now open)
2015-02-14T14:24:40.990-0500 [initandlisten] connection accepted from 127.0.0.1:53192 #64 (8 connections now open)
2015-02-14T14:24:54.379-0500 [conn63] end connection 127.0.0.1:53155 (6 connections now open)
2015-02-14T14:24:54.379-0500 [initandlisten] connection accepted from 127.0.0.1:53203 #65 (8 connections now open)
2015-02-14T14:25:11.054-0500 [conn64] end connection 127.0.0.1:53192 (6 connections now open)
2015-02-14T14:25:11.054-0500 [initandlisten] connection accepted from 127.0.0.1:53214 #66 (8 connections now open)
2015-02-14T14:25:24.449-0500 [conn65] end connection 127.0.0.1:53203 (6 connections now open)
2015-02-14T14:25:24.449-0500 [initandlisten] connection accepted from 127.0.0.1:53220 #67 (8 connections now open)
2015-02-14T14:25:41.120-0500 [conn66] end connection 127.0.0.1:53214 (6 connections now open)
2015-02-14T14:25:41.120-0500 [initandlisten] connection accepted from 127.0.0.1:53227 #68 (8 connections now open)
2015-02-14T14:25:54.523-0500 [conn67] end connection 127.0.0.1:53220 (6 connections now open)
2015-02-14T14:25:54.523-0500 [initandlisten] connection accepted from 127.0.0.1:53234 #69 (8 connections now open)
2015-02-14T14:26:11.192-0500 [conn68] end connection 127.0.0.1:53227 (6 connections now open)
2015-02-14T14:26:11.192-0500 [initandlisten] connection accepted from 127.0.0.1:53250 #70 (8 connections now open)
2015-02-14T14:26:24.582-0500 [conn69] end connection 127.0.0.1:53234 (6 connections now open)
2015-02-14T14:26:24.582-0500 [initandlisten] connection accepted from 127.0.0.1:53256 #71 (8 connections now open)
2015-02-14T14:26:41.249-0500 [conn70] end connection 127.0.0.1:53250 (6 connections now open)
2015-02-14T14:26:41.250-0500 [initandlisten] connection accepted from 127.0.0.1:53286 #72 (8 connections now open)
2015-02-14T14:26:54.639-0500 [conn71] end connection 127.0.0.1:53256 (6 connections now open)
2015-02-14T14:26:54.639-0500 [initandlisten] connection accepted from 127.0.0.1:53292 #73 (8 connections now open)
2015-02-14T14:27:11.316-0500 [conn72] end connection 127.0.0.1:53286 (6 connections now open)
2015-02-14T14:27:11.316-0500 [initandlisten] connection accepted from 127.0.0.1:53299 #74 (8 connections now open)
2015-02-14T14:27:23.276-0500 [clientcursormon] mem (MB) res:11 virt:2828
2015-02-14T14:27:23.277-0500 [clientcursormon]  mapped (incl journal view):320
2015-02-14T14:27:23.279-0500 [clientcursormon]  connections:7
2015-02-14T14:27:23.281-0500 [clientcursormon]  replication threads:32
2015-02-14T14:27:24.698-0500 [conn73] end connection 127.0.0.1:53292 (6 connections now open)
2015-02-14T14:27:24.699-0500 [initandlisten] connection accepted from 127.0.0.1:53306 #75 (8 connections now open)
2015-02-14T14:27:41.371-0500 [conn74] end connection 127.0.0.1:53299 (6 connections now open)
2015-02-14T14:27:41.371-0500 [initandlisten] connection accepted from 127.0.0.1:53314 #76 (8 connections now open)
2015-02-14T14:27:54.768-0500 [conn75] end connection 127.0.0.1:53306 (6 connections now open)
2015-02-14T14:27:54.769-0500 [initandlisten] connection accepted from 127.0.0.1:53320 #77 (8 connections now open)
2015-02-14T14:28:11.428-0500 [conn76] end connection 127.0.0.1:53314 (6 connections now open)
2015-02-14T14:28:11.428-0500 [initandlisten] connection accepted from 127.0.0.1:53327 #78 (8 connections now open)
2015-02-14T14:28:24.830-0500 [conn77] end connection 127.0.0.1:53320 (6 connections now open)
2015-02-14T14:28:24.830-0500 [initandlisten] connection accepted from 127.0.0.1:53333 #79 (8 connections now open)
2015-02-14T14:28:41.484-0500 [conn78] end connection 127.0.0.1:53327 (6 connections now open)
2015-02-14T14:28:41.485-0500 [initandlisten] connection accepted from 127.0.0.1:53340 #80 (8 connections now open)
2015-02-14T14:28:54.893-0500 [conn79] end connection 127.0.0.1:53333 (6 connections now open)
2015-02-14T14:28:54.893-0500 [initandlisten] connection accepted from 127.0.0.1:53345 #81 (8 connections now open)
2015-02-14T14:29:11.544-0500 [conn80] end connection 127.0.0.1:53340 (6 connections now open)
2015-02-14T14:29:11.544-0500 [initandlisten] connection accepted from 127.0.0.1:53379 #82 (8 connections now open)
2015-02-14T14:29:24.954-0500 [conn81] end connection 127.0.0.1:53345 (6 connections now open)
2015-02-14T14:29:24.954-0500 [initandlisten] connection accepted from 127.0.0.1:53385 #83 (8 connections now open)
2015-02-14T14:29:41.600-0500 [conn82] end connection 127.0.0.1:53379 (6 connections now open)
2015-02-14T14:29:41.600-0500 [initandlisten] connection accepted from 127.0.0.1:53392 #84 (8 connections now open)
2015-02-14T14:29:55.017-0500 [conn83] end connection 127.0.0.1:53385 (6 connections now open)
2015-02-14T14:29:55.018-0500 [initandlisten] connection accepted from 127.0.0.1:53398 #85 (8 connections now open)
2015-02-14T14:30:00.010-0500 [conn7] build index on: local.people properties: { v: 1, key: { _id: 1 }, name: "_id_", ns: "local.people" }
2015-02-14T14:30:00.011-0500 [conn7] 	 added index to empty collection
2015-02-14T14:30:11.660-0500 [conn84] end connection 127.0.0.1:53392 (6 connections now open)
2015-02-14T14:30:11.660-0500 [initandlisten] connection accepted from 127.0.0.1:53408 #86 (8 connections now open)
2015-02-14T14:30:25.074-0500 [conn85] end connection 127.0.0.1:53398 (6 connections now open)
2015-02-14T14:30:25.075-0500 [initandlisten] connection accepted from 127.0.0.1:53414 #87 (8 connections now open)
2015-02-14T14:30:41.715-0500 [conn86] end connection 127.0.0.1:53408 (6 connections now open)
2015-02-14T14:30:41.715-0500 [initandlisten] connection accepted from 127.0.0.1:53422 #88 (8 connections now open)
2015-02-14T14:30:55.131-0500 [conn87] end connection 127.0.0.1:53414 (6 connections now open)
2015-02-14T14:30:55.131-0500 [initandlisten] connection accepted from 127.0.0.1:53429 #89 (8 connections now open)
2015-02-14T14:31:11.781-0500 [conn88] end connection 127.0.0.1:53422 (6 connections now open)
2015-02-14T14:31:11.781-0500 [initandlisten] connection accepted from 127.0.0.1:53436 #90 (8 connections now open)
2015-02-14T14:31:25.186-0500 [conn89] end connection 127.0.0.1:53429 (6 connections now open)
2015-02-14T14:31:25.187-0500 [initandlisten] connection accepted from 127.0.0.1:53441 #91 (8 connections now open)
2015-02-14T14:31:41.836-0500 [conn90] end connection 127.0.0.1:53436 (6 connections now open)
2015-02-14T14:31:41.836-0500 [initandlisten] connection accepted from 127.0.0.1:53449 #92 (8 connections now open)
2015-02-14T14:31:55.246-0500 [conn91] end connection 127.0.0.1:53441 (6 connections now open)
2015-02-14T14:31:55.246-0500 [initandlisten] connection accepted from 127.0.0.1:53455 #93 (8 connections now open)
2015-02-14T14:32:11.894-0500 [conn92] end connection 127.0.0.1:53449 (6 connections now open)
2015-02-14T14:32:11.894-0500 [initandlisten] connection accepted from 127.0.0.1:53462 #94 (8 connections now open)
2015-02-14T14:32:23.543-0500 [clientcursormon] mem (MB) res:11 virt:2828
2015-02-14T14:32:23.544-0500 [clientcursormon]  mapped (incl journal view):320
2015-02-14T14:32:23.546-0500 [clientcursormon]  connections:7
2015-02-14T14:32:23.547-0500 [clientcursormon]  replication threads:32
2015-02-14T14:32:25.307-0500 [conn93] end connection 127.0.0.1:53455 (6 connections now open)
2015-02-14T14:32:25.307-0500 [initandlisten] connection accepted from 127.0.0.1:53469 #95 (8 connections now open)
2015-02-14T14:32:41.955-0500 [conn94] end connection 127.0.0.1:53462 (6 connections now open)
2015-02-14T14:32:41.955-0500 [initandlisten] connection accepted from 127.0.0.1:53477 #96 (8 connections now open)
2015-02-14T14:32:55.363-0500 [conn95] end connection 127.0.0.1:53469 (6 connections now open)
2015-02-14T14:32:55.363-0500 [initandlisten] connection accepted from 127.0.0.1:53483 #97 (8 connections now open)
2015-02-14T14:33:12.003-0500 [conn96] end connection 127.0.0.1:53477 (6 connections now open)
2015-02-14T14:33:12.003-0500 [initandlisten] connection accepted from 127.0.0.1:53493 #98 (8 connections now open)
2015-02-14T14:33:25.421-0500 [conn97] end connection 127.0.0.1:53483 (6 connections now open)
2015-02-14T14:33:25.421-0500 [initandlisten] connection accepted from 127.0.0.1:53498 #99 (8 connections now open)
2015-02-14T14:33:42.059-0500 [conn98] end connection 127.0.0.1:53493 (6 connections now open)
2015-02-14T14:33:42.059-0500 [initandlisten] connection accepted from 127.0.0.1:53507 #100 (8 connections now open)
2015-02-14T14:33:55.471-0500 [conn99] end connection 127.0.0.1:53498 (6 connections now open)
2015-02-14T14:33:55.472-0500 [initandlisten] connection accepted from 127.0.0.1:53513 #101 (8 connections now open)
2015-02-14T14:34:12.108-0500 [conn100] end connection 127.0.0.1:53507 (6 connections now open)
2015-02-14T14:34:12.108-0500 [initandlisten] connection accepted from 127.0.0.1:53523 #102 (8 connections now open)
2015-02-14T14:34:25.530-0500 [conn101] end connection 127.0.0.1:53513 (6 connections now open)
2015-02-14T14:34:25.531-0500 [initandlisten] connection accepted from 127.0.0.1:53531 #103 (8 connections now open)
2015-02-14T14:34:42.166-0500 [conn102] end connection 127.0.0.1:53523 (6 connections now open)
2015-02-14T14:34:42.166-0500 [initandlisten] connection accepted from 127.0.0.1:53541 #104 (8 connections now open)
2015-02-14T14:34:55.592-0500 [conn103] end connection 127.0.0.1:53531 (6 connections now open)
2015-02-14T14:34:55.592-0500 [initandlisten] connection accepted from 127.0.0.1:53550 #105 (8 connections now open)
2015-02-14T14:35:12.227-0500 [conn104] end connection 127.0.0.1:53541 (6 connections now open)
2015-02-14T14:35:12.227-0500 [initandlisten] connection accepted from 127.0.0.1:53558 #106 (8 connections now open)
2015-02-14T14:35:25.647-0500 [conn105] end connection 127.0.0.1:53550 (6 connections now open)
2015-02-14T14:35:25.647-0500 [initandlisten] connection accepted from 127.0.0.1:53566 #107 (8 connections now open)
2015-02-14T14:35:42.287-0500 [conn106] end connection 127.0.0.1:53558 (6 connections now open)
2015-02-14T14:35:42.287-0500 [initandlisten] connection accepted from 127.0.0.1:53590 #108 (8 connections now open)
2015-02-14T14:35:55.709-0500 [conn107] end connection 127.0.0.1:53566 (6 connections now open)
2015-02-14T14:35:55.709-0500 [initandlisten] connection accepted from 127.0.0.1:53596 #109 (8 connections now open)
2015-02-14T14:36:12.343-0500 [conn108] end connection 127.0.0.1:53590 (6 connections now open)
2015-02-14T14:36:12.344-0500 [initandlisten] connection accepted from 127.0.0.1:53604 #110 (8 connections now open)
2015-02-14T14:36:25.763-0500 [conn109] end connection 127.0.0.1:53596 (6 connections now open)
2015-02-14T14:36:25.764-0500 [initandlisten] connection accepted from 127.0.0.1:53610 #111 (8 connections now open)
2015-02-14T14:36:42.400-0500 [conn110] end connection 127.0.0.1:53604 (6 connections now open)
2015-02-14T14:36:42.400-0500 [initandlisten] connection accepted from 127.0.0.1:53618 #112 (8 connections now open)
2015-02-14T14:36:55.818-0500 [conn111] end connection 127.0.0.1:53610 (6 connections now open)
2015-02-14T14:36:55.819-0500 [initandlisten] connection accepted from 127.0.0.1:53623 #113 (8 connections now open)
2015-02-14T14:36:59.243-0500 [signalProcessingThread] got signal 15 (Terminated: 15), will terminate after current cmd ends
2015-02-14T14:36:59.245-0500 [signalProcessingThread] now exiting
2015-02-14T14:36:59.247-0500 [signalProcessingThread] dbexit: 
2015-02-14T14:36:59.248-0500 [signalProcessingThread] shutdown: going to close listening sockets...
2015-02-14T14:36:59.249-0500 [signalProcessingThread] closing listening socket: 8
2015-02-14T14:36:59.250-0500 [signalProcessingThread] closing listening socket: 9
2015-02-14T14:36:59.251-0500 [signalProcessingThread] removing socket file: /tmp/mongodb-27018.sock
2015-02-14T14:36:59.252-0500 [signalProcessingThread] shutdown: going to flush diaglog...
2015-02-14T14:36:59.254-0500 [signalProcessingThread] shutdown: going to close sockets...
2015-02-14T14:36:59.255-0500 [signalProcessingThread] shutdown: waiting for fs preallocator...
2015-02-14T14:36:59.255-0500 [conn12] end connection 127.0.0.1:52567 (6 connections now open)
2015-02-14T14:36:59.255-0500 [conn7] end connection 127.0.0.1:52558 (6 connections now open)
2015-02-14T14:36:59.256-0500 [conn113] end connection 127.0.0.1:53623 (6 connections now open)
2015-02-14T14:36:59.256-0500 [conn16] end connection 127.0.0.1:52571 (6 connections now open)
2015-02-14T14:36:59.256-0500 [conn112] end connection 127.0.0.1:53618 (6 connections now open)
2015-02-14T14:36:59.258-0500 [signalProcessingThread] shutdown: lock for final commit...
2015-02-14T14:36:59.269-0500 [signalProcessingThread] shutdown: final commit...
2015-02-14T14:36:59.273-0500 [signalProcessingThread] shutdown: closing all files...
2015-02-14T14:36:59.274-0500 [signalProcessingThread] closeAllFiles() finished
2015-02-14T14:36:59.275-0500 [signalProcessingThread] journalCleanup...
2015-02-14T14:36:59.276-0500 [signalProcessingThread] removeJournalFiles
2015-02-14T14:36:59.277-0500 [signalProcessingThread] shutdown: removing fs lock...
2015-02-14T14:36:59.278-0500 [signalProcessingThread] dbexit: really exiting now
